(1447254827.844673) can0 220#0A3667C49000A800
(1447254827.945002) can0 220#0A3667C41000A700
(1447254828.045110) can0 220#0A3667C48000A700
(1447254829.544035) can0 1A0#40F8C00016160020
(1447254829.634092) can0 1A0#00F8C00016160020
(1447254829.724117) can0 1A0#7CF8C00016160020
(1447254829.814183) can0 1A0#3CF8C00016160020
(1447254829.904053) can0 1A0#3CF8C00016160020
(1447254829.994130) can0 1A0#3CF8C00016160020
(1447254830.083999) can0 1A0#50F8C00016160020
(1447254830.174973) can0 1A0#10F8C00016160020
(1447254830.264102) can0 1A0#7CF8C00016160020
(1447254830.354137) can0 1A0#3CF8C00016160020
(1447254830.444118) can0 1A0#3CF8C00016160020
(1447254830.534853) can0 1A0#3CF8C00016160020
(1447254830.624140) can0 1A0#3CF8C00016160020
(1447254830.714100) can0 1A0#3CF8C00016160020
(1447254830.804878) can0 1A0#3CF8C00016160020
(1447254830.894139) can0 1A0#3CF8C00016160020
(1447254830.984657) can0 1A0#5CF8C00016160020
(1447254831.074308) can0 1A0#1CF8C00016160020
(1447254831.164434) can0 1A0#7CF8C00016160020
(1447254831.254150) can0 1A0#3CF8C00016160020
(1447254831.344166) can0 1A0#54F8C00016160020
(1447254831.434137) can0 1A0#14F8C00016160020
(1447254831.524174) can0 1A0#7CF8C00016160020
(1447254831.614196) can0 1A0#3CF8C00016160020
(1447254831.704186) can0 1A0#3CF8C00016160020
(1447254831.794108) can0 1A0#48F8C00016160020
(1447254831.884134) can0 1A0#7CF8C00016160020
(1447254831.974239) can0 1A0#3CF8C00016160020
(1447254832.064211) can0 1A0#3CF8C00016160020
(1447254832.154160) can0 1A0#3CF8C00016160020
(1447254832.244161) can0 1A0#3CF8C00016160020
(1447254832.334872) can0 1A0#64F8C00016160020
(1447254832.424236) can0 1A0#24F8C00016160020
(1447254832.514184) can0 1A0#7CF8C00016160020
(1447254832.604104) can0 1A0#3CF8C00016160020
(1447254832.694250) can0 1A0#3CF8C00016160020
(1447254832.784156) can0 1A0#5CF8C00016160020
(1447254832.874987) can0 1A0#1CF8C00016160020
(1447254832.964117) can0 1A0#7CF8C00016160020
(1447254833.054155) can0 1A0#3CF8C00016160020
(1447254833.144172) can0 1A0#60F8C00016160020
(1447254833.234195) can0 1A0#20F8C00016160020
(1447254833.324235) can0 1A0#7CF8C00016160020
(1447254833.414222) can0 1A0#3CF8C00016160020
(1447254833.504179) can0 1A0#5CF8C00016160020
(1447254833.594101) can0 1A0#1CF8C00016160020
(1447254833.684152) can0 1A0#7CF8C00016160020
(1447254833.775074) can0 1A0#3CF8C00016160020
(1447254833.864201) can0 1A0#60F8C00016160020
(1447254833.954201) can0 1A0#20F8C00016160020
(1447254834.044174) can0 1A0#7CF8C00016160020
(1447254835.031623) can0 1A0#3CF8C00016160020
(1447254835.121545) can0 1A0#3CFAC000161600A0
(1447254835.211490) can0 1A0#3CF8C000161600A0
(1447254835.302865) can0 1A0#3CFAC00016160020
(1447254835.391516) can0 1A0#3CF8C00016160020
(1447254835.482098) can0 1A0#3CF8C00016160020
